This file contains any messages produced by compilers while
running configure, to aid debugging if configure makes a mistake.

It was created by hugoDocs-ja configure 0.0.0, which was
generated by GNU Autoconf 2.71.  Invocation command line was

  $ ../configure --prefix=/usr --with-origdir=../../hugoDocs.orig --enable-maintainer-mode

## --------- ##
## Platform. ##
## --------- ##

hostname = LFStranslation5
uname -m = x86_64
uname -r = 6.6.3
uname -s = Linux
uname -v = #1 SMP PREEMPT_DYNAMIC Fri Dec  1 21:31:46 JST 2023

/usr/bin/uname -p = unknown
/bin/uname -X     = unknown

/bin/arch              = unknown
/usr/bin/arch -k       = unknown
/usr/convex/getsysinfo = unknown
/usr/bin/hostinfo      = unknown
/bin/machine           = unknown
/usr/bin/oslevel       = unknown
/bin/universe          = unknown

PATH: /opt/rustc/bin/
PATH: /usr/local/bin/
PATH: /usr/bin/
PATH: /opt/ant/bin/
PATH: /usr/lib/docker/cli-plugins/
PATH: /opt/fop/
PATH: /opt/jdk/bin/


## ----------- ##
## Core tests. ##
## ----------- ##

configure:2410: looking for aux files: config.guess config.sub compile missing install-sh
configure:2423:  trying ../
configure:2452:   ../config.guess found
configure:2452:   ../config.sub found
configure:2452:   ../compile found
configure:2452:   ../missing found
configure:2434:   ../install-sh found
configure:2584: checking for a BSD-compatible install
configure:2657: result: /usr/bin/install -c
configure:2668: checking whether build environment is sane
configure:2723: result: yes
configure:2882: checking for a race-free mkdir -p
configure:2926: result: /usr/bin/mkdir -p
configure:2933: checking for gawk
configure:2954: found /usr/bin/gawk
configure:2965: result: gawk
configure:2976: checking whether make sets $(MAKE)
configure:2999: result: yes
configure:3029: checking whether make supports nested variables
configure:3047: result: yes
configure:3184: checking whether to enable maintainer-specific portions of Makefiles
configure:3194: result: yes
configure:3224: checking for the original files
configure:3227: result: no
configure:3229: error: The original files not found in ../hugoDocs

## ---------------- ##
## Cache variables. ##
## ---------------- ##

ac_cv_env_CC_set=
ac_cv_env_CC_value=
ac_cv_env_CFLAGS_set=
ac_cv_env_CFLAGS_value=
ac_cv_env_CPPFLAGS_set=
ac_cv_env_CPPFLAGS_value=
ac_cv_env_LDFLAGS_set=
ac_cv_env_LDFLAGS_value=
ac_cv_env_LIBS_set=
ac_cv_env_LIBS_value=
ac_cv_env_build_alias_set=
ac_cv_env_build_alias_value=
ac_cv_env_host_alias_set=
ac_cv_env_host_alias_value=
ac_cv_env_target_alias_set=
ac_cv_env_target_alias_value=
ac_cv_path_install='/usr/bin/install -c'
ac_cv_path_mkdir=/usr/bin/mkdir
ac_cv_prog_AWK=gawk
ac_cv_prog_make_make_set=yes
am_cv_make_support_nested_variables=yes

## ----------------- ##
## Output variables. ##
## ----------------- ##

ACLOCAL='${SHELL} '\''/home/matsuand/src/hugo/hugoDocs-ja/missing'\'' aclocal-1.16'
AMDEPBACKSLASH=''
AMDEP_FALSE=''
AMDEP_TRUE=''
AMTAR='$${TAR-tar}'
AM_BACKSLASH='\'
AM_DEFAULT_V='$(AM_DEFAULT_VERBOSITY)'
AM_DEFAULT_VERBOSITY='1'
AM_V='$(V)'
AUTOCONF='${SHELL} '\''/home/matsuand/src/hugo/hugoDocs-ja/missing'\'' autoconf'
AUTOHEADER='${SHELL} '\''/home/matsuand/src/hugo/hugoDocs-ja/missing'\'' autoheader'
AUTOMAKE='${SHELL} '\''/home/matsuand/src/hugo/hugoDocs-ja/missing'\'' automake-1.16'
AWK='gawk'
CC=''
CCDEPMODE=''
CFLAGS=''
CPPFLAGS=''
CSCOPE='cscope'
CTAGS='ctags'
CTIE='ctie/ctie'
CYGPATH_W='echo'
DEFS=''
DEPDIR=''
ECHO_C=''
ECHO_N='-n'
ECHO_T=''
ETAGS='etags'
EXEEXT=''
INSTALL_DATA='${INSTALL} -m 644'
INSTALL_PROGRAM='${INSTALL}'
INSTALL_SCRIPT='${INSTALL}'
INSTALL_STRIP_PROGRAM='$(install_sh) -c -s'
LDFLAGS=''
LIBOBJS=''
LIBS=''
LTLIBOBJS=''
MAINT=''
MAINTAINER_MODE_FALSE='#'
MAINTAINER_MODE_TRUE=''
MAKEINFO='${SHELL} '\''/home/matsuand/src/hugo/hugoDocs-ja/missing'\'' makeinfo'
MKDIR_P='/usr/bin/mkdir -p'
OBJEXT=''
ORIGDIR='../hugoDocs'
PACKAGE='hugodocs-ja'
PACKAGE_BUGREPORT='30614168+matsuand@users.noreply.github.com'
PACKAGE_NAME='hugoDocs-ja'
PACKAGE_STRING='hugoDocs-ja 0.0.0'
PACKAGE_TARNAME='hugodocs-ja'
PACKAGE_URL=''
PACKAGE_VERSION='0.0.0'
PATH_SEPARATOR=':'
SET_MAKE=''
SHELL='/bin/sh'
STRIP=''
VERSION='0.0.0'
absORIGDIR=''
abs_origdir=''
ac_ct_CC=''
am__EXEEXT_FALSE=''
am__EXEEXT_TRUE=''
am__fastdepCC_FALSE=''
am__fastdepCC_TRUE=''
am__include=''
am__isrc=' -I$(srcdir)'
am__leading_dot='.'
am__nodep=''
am__quote=''
am__tar='$${TAR-tar} chof - "$$tardir"'
am__untar='$${TAR-tar} xf -'
bindir='${exec_prefix}/bin'
build=''
build_alias=''
build_cpu=''
build_os=''
build_vendor=''
datadir='${datarootdir}'
datarootdir='${prefix}/share'
docdir='${datarootdir}/doc/${PACKAGE_TARNAME}'
dvidir='${docdir}'
exec_prefix='NONE'
host=''
host_alias=''
host_cpu=''
host_os=''
host_vendor=''
htmldir='${docdir}'
includedir='${prefix}/include'
infodir='${datarootdir}/info'
install_sh='${SHELL} /home/matsuand/src/hugo/hugoDocs-ja/install-sh'
libdir='${exec_prefix}/lib'
libexecdir='${exec_prefix}/libexec'
localedir='${datarootdir}/locale'
localstatedir='${prefix}/var'
mandir='${datarootdir}/man'
mkdir_p='$(MKDIR_P)'
oldincludedir='/usr/include'
pdfdir='${docdir}'
prefix='/usr'
program_transform_name='s,x,x,'
psdir='${docdir}'
runstatedir='${localstatedir}/run'
sbindir='${exec_prefix}/sbin'
sharedstatedir='${prefix}/com'
sysconfdir='${prefix}/etc'
target_alias=''

## ----------- ##
## confdefs.h. ##
## ----------- ##

/* confdefs.h */
#define PACKAGE_NAME "hugoDocs-ja"
#define PACKAGE_TARNAME "hugodocs-ja"
#define PACKAGE_VERSION "0.0.0"
#define PACKAGE_STRING "hugoDocs-ja 0.0.0"
#define PACKAGE_BUGREPORT "30614168+matsuand@users.noreply.github.com"
#define PACKAGE_URL ""
#define PACKAGE "hugodocs-ja"
#define VERSION "0.0.0"

configure: exit 1
